ISim log file
Running: E:\lab02\alu\alu_alu_sch_tb_isim_beh.exe -intstyle ise -gui -tclbatch isim.cmd -wdb E:/lab02/alu/alu_alu_sch_tb_isim_beh.wdb 
ISim P.20131013 (signature 0x7708f090)
----------------------------------------------------------------------
INFO:Security:50 - The XILINXD_LICENSE_FILE environment variable is set to '2100@ise.csse.rose-hulman.edu'.
INFO:Security:53 - The LM_LICENSE_FILE environment variable is not set.
WARNING:Security:43 - No license file was found in the standard Xilinx license directory.
WARNING:Security:44 - Since no license file was found,
       please run the Xilinx License Configuration Manager
       (xlcm or "Manage Xilinx Licenses")
       to assist in obtaining a license.
WARNING:Security:42 - Your software subscription period has lapsed. Your current version of Xilinx tools will continue to function, but you no longer qualify for Xilinx software updates or new releases.


----------------------------------------------------------------------
This is a Full version of ISim.
WARNING: File "E:/lab02/alu/alu_tb_0.v" Line 10.  For instance alu_alu_sch_tb/UUT/, width 1 of formal port ci is not equal to width 4 of actual variable ci. 
Time resolution is 1 ps
# onerror resume
# wave add /
# run 1000 ns
Simulator is doing circuit initialization process.
Finished circuit initialization process.
okay or
okay and
okay ADD
okay ADD
okay SUB
